[INFO] Scanning for projects...
[WARNING] 
[WARNING] Some problems were encountered while building the effective model for itw.ucl.restassured:ITW-restassured:jar:0.0.1-SNAPSHOT
[WARNING] 'build.plugins.plugin.version' for org.apache.maven.plugins:maven-failsafe-plugin is missing. @ line 58, column 12
[WARNING] 
[WARNING] It is highly recommended to fix these problems because they threaten the stability of your build.
[WARNING] 
[WARNING] For this reason, future Maven versions might no longer support building such malformed projects.
[WARNING] 
[INFO]                                                                         
[INFO] ------------------------------------------------------------------------
[INFO] Building ITW-restassured 0.0.1-SNAPSHOT
[INFO] ------------------------------------------------------------------------
[INFO] 
[INFO] --- maven-clean-plugin:2.4.1:clean (default-clean) @ ITW-restassured ---
[INFO] Deleting C:\Users\MConstantinides\git\itwrestassured\target
[INFO] 
[INFO] --- maven-resources-plugin:2.5:resources (default-resources) @ ITW-restassured ---
[debug] execute contextualize
[INFO] Using 'UTF-8' encoding to copy filtered resources.
[INFO] skip non existing resourceDirectory C:\Users\MConstantinides\git\itwrestassured\src\main\resources
[INFO] 
[INFO] --- maven-compiler-plugin:2.3.2:compile (default-compile) @ ITW-restassured ---
[INFO] Compiling 1 source file to C:\Users\MConstantinides\git\itwrestassured\target\classes
[INFO] 
[INFO] --- maven-resources-plugin:2.5:testResources (default-testResources) @ ITW-restassured ---
[debug] execute contextualize
[INFO] Using 'UTF-8' encoding to copy filtered resources.
[INFO] skip non existing resourceDirectory C:\Users\MConstantinides\git\itwrestassured\src\test\resources
[INFO] 
[INFO] --- maven-compiler-plugin:2.3.2:testCompile (default-testCompile) @ ITW-restassured ---
[INFO] Compiling 1 source file to C:\Users\MConstantinides\git\itwrestassured\target\test-classes
[INFO] 
[INFO] --- maven-surefire-plugin:2.12:test (default-test) @ ITW-restassured ---
[INFO] Surefire report directory: C:\Users\MConstantinides\git\itwrestassured\target\surefire-reports
[INFO] Using configured provider org.apache.maven.surefire.junitcore.JUnitCoreProvider

-------------------------------------------------------
 T E S T S
-------------------------------------------------------
Concurrency config is parallel='none', perCoreThreadCount=true, threadCount=2, useUnlimitedThreads=false
Running itw.ucl.restassured.ITW_restassured.RestAssuredSchoolware
*********************** Testing GetAppDetails ***************************
*********************** Testing GetAppsForCategory ***************************
*********************** Testing GetQuestionsDetails ***************************
*********************** Testing StoreApp ***************************
*********************** Testing GetTests ***************************
*********************** Testing GetTypes ***************************
*********************** Testing GetCategories ***************************
java.io.FileNotFoundException: config.txt (The system cannot find the file specified)
	at java.io.FileInputStream.open(Native Method)
	at java.io.FileInputStream.<init>(FileInputStream.java:138)
	at java.io.FileInputStream.<init>(FileInputStream.java:97)
	at java.io.FileReader.<init>(FileReader.java:58)
	at itw.ucl.restassured.ITW_restassured.RestAssuredSchoolware.loadProperties(RestAssuredSchoolware.java:93)
	at itw.ucl.restassured.ITW_restassured.RestAssuredSchoolware.testGetCategories(RestAssuredSchoolware.java:121)
	at sun.reflect.NativeMethodAccessorImpl.invoke0(Native Method)
	at sun.reflect.NativeMethodAccessorImpl.invoke(NativeMethodAccessorImpl.java:57)
	at sun.reflect.DelegatingMethodAccessorImpl.invoke(DelegatingMethodAccessorImpl.java:43)
	at java.lang.reflect.Method.invoke(Method.java:601)
	at org.junit.runners.model.FrameworkMethod$1.runReflectiveCall(FrameworkMethod.java:44)
	at org.junit.internal.runners.model.ReflectiveCallable.run(ReflectiveCallable.java:15)
	at org.junit.runners.model.FrameworkMethod.invokeExplosively(FrameworkMethod.java:41)
	at org.junit.internal.runners.statements.InvokeMethod.evaluate(InvokeMethod.java:20)
	at org.junit.runners.BlockJUnit4ClassRunner.runNotIgnored(BlockJUnit4ClassRunner.java:79)
	at org.junit.runners.BlockJUnit4ClassRunner.runChild(BlockJUnit4ClassRunner.java:71)
	at org.junit.runners.BlockJUnit4ClassRunner.runChild(BlockJUnit4ClassRunner.java:49)
	at org.junit.runners.ParentRunner$3.run(ParentRunner.java:193)
	at org.junit.runners.ParentRunner$1.schedule(ParentRunner.java:52)
	at org.junit.runners.ParentRunner.runChildren(ParentRunner.java:191)
	at org.junit.runners.ParentRunner.access$000(ParentRunner.java:42)
	at org.junit.runners.ParentRunner$2.evaluate(ParentRunner.java:184)
	at org.junit.runners.ParentRunner.run(ParentRunner.java:236)
	at org.junit.runners.Suite.runChild(Suite.java:128)
	at org.junit.runners.Suite.runChild(Suite.java:24)
	at org.junit.runners.ParentRunner$3.run(ParentRunner.java:193)
	at org.junit.runners.ParentRunner$1.schedule(ParentRunner.java:52)
	at org.junit.runners.ParentRunner.runChildren(ParentRunner.java:191)
	at org.junit.runners.ParentRunner.access$000(ParentRunner.java:42)
	at org.junit.runners.ParentRunner$2.evaluate(ParentRunner.java:184)
	at org.junit.runners.ParentRunner.run(ParentRunner.java:236)
	at org.junit.runner.JUnitCore.run(JUnitCore.java:157)
	at org.junit.runner.JUnitCore.run(JUnitCore.java:136)
	at org.apache.maven.surefire.junitcore.JUnitCoreWrapper.execute(JUnitCoreWrapper.java:62)
	at org.apache.maven.surefire.junitcore.JUnitCoreProvider.invoke(JUnitCoreProvider.java:139)
	at sun.reflect.NativeMethodAccessorImpl.invoke0(Native Method)
	at sun.reflect.NativeMethodAccessorImpl.invoke(NativeMethodAccessorImpl.java:57)
	at sun.reflect.DelegatingMethodAccessorImpl.invoke(DelegatingMethodAccessorImpl.java:43)
	at java.lang.reflect.Method.invoke(Method.java:601)
	at org.apache.maven.surefire.util.ReflectionUtils.invokeMethodWithArray(ReflectionUtils.java:189)
	at org.apache.maven.surefire.booter.ProviderFactory$ProviderProxy.invoke(ProviderFactory.java:165)
	at org.apache.maven.surefire.booter.ProviderFactory.invokeProvider(ProviderFactory.java:85)
	at org.apache.maven.surefire.booter.ForkedBooter.runSuitesInProcess(ForkedBooter.java:103)
	at org.apache.maven.surefire.booter.ForkedBooter.main(ForkedBooter.java:74)
*********************** Testing SubmitResults  ********************************
*********************** Testing GetTestDetails ***************************
*********************** Testing GetTestQuestions ***************************
Tests run: 10, Failures: 0, Errors: 0, Skipped: 0, Time elapsed: 2.351 sec

Results :

Tests run: 10, Failures: 0, Errors: 0, Skipped: 0

[INFO] 
[INFO] --- maven-jar-plugin:2.3.2:jar (default-jar) @ ITW-restassured ---
[INFO] Building jar: C:\Users\MConstantinides\git\itwrestassured\target\aad-ws.jar
[INFO] 
[INFO] --- cargo-maven2-plugin:1.1.4:start (start-container) @ ITW-restassured ---
[INFO] [talledLocalContainer] Tomcat 6.x starting...
[WARNING] [talledLocalContainer] Feb 08, 2013 11:21:19 AM org.apache.catalina.core.AprLifecycleListener init
[WARNING] [talledLocalContainer] INFO: The Apache Tomcat Native library which allows optimal performance in production environments was not found on the java.library.path: C:\Program Files\Java\jdk1.7.0_11\jre\bin;C:\Windows\Sun\Java\bin;C:\Windows\system32;C:\Windows;C:\Program Files\Common Files\Microsoft Shared\Windows Live;C:\Windows\system32;C:\Windows;C:\Windows\System32\Wbem;C:\Windows\System32\WindowsPowerShell\v1.0\;C:\Program Files\Windows Live\Shared;C:\Program Files\Microsoft SQL Server\100\Tools\Binn\;C:\Program Files\Microsoft SQL Server\100\DTS\Binn\;C:\Program Files\Microsoft SQL Server\100\Tools\Binn\VSShell\Common7\IDE\;C:\Program Files\Microsoft Visual Studio 9.0\Common7\IDE\PrivateAssemblies\;C:\Program Files\Java\jdk1.7.0_11\bin;C:\Users\MConstantinides\apache-maven-3.0.4-bin\apache-maven-3.0.4\bin;.
[WARNING] [talledLocalContainer] Feb 08, 2013 11:21:19 AM org.apache.coyote.http11.Http11Protocol init
[WARNING] [talledLocalContainer] INFO: Initializing Coyote HTTP/1.1 on http-9999
[WARNING] [talledLocalContainer] Feb 08, 2013 11:21:19 AM org.apache.catalina.startup.Catalina load
[WARNING] [talledLocalContainer] INFO: Initialization processed in 341 ms
[WARNING] [talledLocalContainer] Feb 08, 2013 11:21:19 AM org.apache.catalina.core.StandardService start
[WARNING] [talledLocalContainer] INFO: Starting service Catalina
[WARNING] [talledLocalContainer] Feb 08, 2013 11:21:19 AM org.apache.catalina.core.StandardEngine start
[WARNING] [talledLocalContainer] INFO: Starting Servlet Engine: Apache Tomcat/6.0.8
[WARNING] [talledLocalContainer] Feb 08, 2013 11:21:19 AM org.apache.catalina.core.StandardHost start
[WARNING] [talledLocalContainer] INFO: XML validation disabled
[WARNING] [talledLocalContainer] Feb 08, 2013 11:21:19 AM org.apache.catalina.startup.HostConfig deployWAR
[WARNING] [talledLocalContainer] INFO: Deploying web application archive cargocpc.war
[WARNING] [talledLocalContainer] Feb 08, 2013 11:21:19 AM org.apache.coyote.http11.Http11Protocol start
[WARNING] [talledLocalContainer] INFO: Starting Coyote HTTP/1.1 on http-9999
[WARNING] [talledLocalContainer] Feb 08, 2013 11:21:19 AM org.apache.jk.common.ChannelSocket init
[WARNING] [talledLocalContainer] INFO: Port busy 9999 java.net.BindException: Address already in use: JVM_Bind
[WARNING] [talledLocalContainer] Feb 08, 2013 11:21:19 AM org.apache.jk.common.ChannelSocket init
[WARNING] [talledLocalContainer] INFO: JK: ajp13 listening on /0.0.0.0:10000
[WARNING] [talledLocalContainer] Feb 08, 2013 11:21:19 AM org.apache.jk.server.JkMain start
[WARNING] [talledLocalContainer] INFO: Jk running ID=1 time=0/26  config=null
[WARNING] [talledLocalContainer] Feb 08, 2013 11:21:19 AM org.apache.catalina.startup.Catalina start
[WARNING] [talledLocalContainer] INFO: Server startup in 401 ms
[INFO] [talledLocalContainer] Tomcat 6.x started on port [9999]
[INFO] 
[INFO] --- cargo-maven2-plugin:1.1.4:stop (stop-container) @ ITW-restassured ---
[INFO] [talledLocalContainer] Tomcat 6.x is stopping...
[WARNING] [talledLocalContainer] Feb 08, 2013 11:21:20 AM org.apache.coyote.http11.Http11Protocol pause
[WARNING] [talledLocalContainer] INFO: Pausing Coyote HTTP/1.1 on http-9999
[WARNING] [talledLocalContainer] Feb 08, 2013 11:21:21 AM org.apache.catalina.core.StandardService stop
[WARNING] [talledLocalContainer] INFO: Stopping service Catalina
[WARNING] [talledLocalContainer] Feb 08, 2013 11:21:21 AM org.apache.coyote.http11.Http11Protocol destroy
[WARNING] [talledLocalContainer] INFO: Stopping Coyote HTTP/1.1 on http-9999
[INFO] [talledLocalContainer] Tomcat 6.x is stopped
[INFO] ------------------------------------------------------------------------
[INFO] BUILD SUCCESS
[INFO] ------------------------------------------------------------------------
[INFO] Total time: 37.817s
[INFO] Finished at: Fri Feb 08 11:21:23 GMT 2013
[INFO] Final Memory: 6M/31M
[INFO] ------------------------------------------------------------------------
